{"D:\\proga\\test_mongoMemory\\config\\mms.js": {"path":"D:\\proga\\test_mongoMemory\\config\\mms.js","statementMap":{"0":{"start":{"line":1,"column":17},"end":{"line":1,"column":36}},"1":{"start":{"line":2,"column":30},"end":{"line":2,"column":62}},"2":{"start":{"line":4,"column":20},"end":{"line":4,"column":43}},"3":{"start":{"line":6,"column":21},"end":{"line":12,"column":1}},"4":{"start":{"line":14,"column":0},"end":{"line":19,"column":1}},"5":{"start":{"line":15,"column":14},"end":{"line":15,"column":40}},"6":{"start":{"line":16,"column":2},"end":{"line":18,"column":4}},"7":{"start":{"line":17,"column":4},"end":{"line":17,"column":31}},"8":{"start":{"line":17,"column":13},"end":{"line":17,"column":31}},"9":{"start":{"line":21,"column":0},"end":{"line":26,"column":1}},"10":{"start":{"line":22,"column":22},"end":{"line":22,"column":53}},"11":{"start":{"line":23,"column":2},"end":{"line":25,"column":3}},"12":{"start":{"line":24,"column":4},"end":{"line":24,"column":39}},"13":{"start":{"line":28,"column":0},"end":{"line":31,"column":1}},"14":{"start":{"line":29,"column":2},"end":{"line":29,"column":29}},"15":{"start":{"line":30,"column":2},"end":{"line":30,"column":26}}},"fnMap":{"0":{"name":"(anonymous_0)","decl":{"start":{"line":14,"column":25},"end":{"line":14,"column":26}},"loc":{"start":{"line":14,"column":37},"end":{"line":19,"column":1}},"line":14},"1":{"name":"(anonymous_1)","decl":{"start":{"line":16,"column":44},"end":{"line":16,"column":45}},"loc":{"start":{"line":16,"column":53},"end":{"line":18,"column":3}},"line":16},"2":{"name":"(anonymous_2)","decl":{"start":{"line":21,"column":25},"end":{"line":21,"column":26}},"loc":{"start":{"line":21,"column":37},"end":{"line":26,"column":1}},"line":21},"3":{"name":"(anonymous_3)","decl":{"start":{"line":28,"column":25},"end":{"line":28,"column":26}},"loc":{"start":{"line":28,"column":37},"end":{"line":31,"column":1}},"line":28}},"branchMap":{"0":{"loc":{"start":{"line":17,"column":4},"end":{"line":17,"column":31}},"type":"if","locations":[{"start":{"line":17,"column":4},"end":{"line":17,"column":31}},{"start":{"line":17,"column":4},"end":{"line":17,"column":31}}],"line":17}},"s":{"0":2,"1":2,"2":2,"3":2,"4":2,"5":2,"6":2,"7":2,"8":0,"9":2,"10":40,"11":40,"12":40,"13":2,"14":2,"15":2},"f":{"0":2,"1":2,"2":40,"3":2},"b":{"0":[0,2]},"_coverageSchema":"1a1c01bbd47fc00a2c39e90264f33305004495a9","hash":"5b434fdef4b0bdd8245179af644875797d4b41d6"}
,"D:\\proga\\test_mongoMemory\\controllers\\todoController.js": {"path":"D:\\proga\\test_mongoMemory\\controllers\\todoController.js","statementMap":{"0":{"start":{"line":1,"column":13},"end":{"line":1,"column":38}},"1":{"start":{"line":3,"column":0},"end":{"line":9,"column":1}},"2":{"start":{"line":4,"column":2},"end":{"line":8,"column":3}},"3":{"start":{"line":5,"column":4},"end":{"line":5,"column":31}},"4":{"start":{"line":7,"column":4},"end":{"line":7,"column":37}},"5":{"start":{"line":11,"column":0},"end":{"line":14,"column":1}},"6":{"start":{"line":12,"column":16},"end":{"line":12,"column":35}},"7":{"start":{"line":13,"column":2},"end":{"line":13,"column":14}},"8":{"start":{"line":16,"column":0},"end":{"line":23,"column":1}},"9":{"start":{"line":17,"column":2},"end":{"line":22,"column":3}},"10":{"start":{"line":18,"column":17},"end":{"line":18,"column":40}},"11":{"start":{"line":19,"column":4},"end":{"line":19,"column":15}},"12":{"start":{"line":21,"column":4},"end":{"line":21,"column":11}},"13":{"start":{"line":25,"column":0},"end":{"line":29,"column":1}},"14":{"start":{"line":26,"column":15},"end":{"line":26,"column":49}},"15":{"start":{"line":27,"column":2},"end":{"line":27,"column":30}},"16":{"start":{"line":27,"column":13},"end":{"line":27,"column":30}},"17":{"start":{"line":28,"column":2},"end":{"line":28,"column":13}},"18":{"start":{"line":31,"column":0},"end":{"line":37,"column":1}},"19":{"start":{"line":32,"column":2},"end":{"line":36,"column":3}},"20":{"start":{"line":33,"column":4},"end":{"line":33,"column":45}},"21":{"start":{"line":35,"column":4},"end":{"line":35,"column":11}},"22":{"start":{"line":38,"column":0},"end":{"line":44,"column":1}},"23":{"start":{"line":39,"column":2},"end":{"line":43,"column":3}},"24":{"start":{"line":40,"column":4},"end":{"line":40,"column":36}},"25":{"start":{"line":42,"column":4},"end":{"line":42,"column":11}}},"fnMap":{"0":{"name":"(anonymous_0)","decl":{"start":{"line":3,"column":17},"end":{"line":3,"column":18}},"loc":{"start":{"line":3,"column":33},"end":{"line":9,"column":1}},"line":3},"1":{"name":"(anonymous_1)","decl":{"start":{"line":11,"column":17},"end":{"line":11,"column":18}},"loc":{"start":{"line":11,"column":29},"end":{"line":14,"column":1}},"line":11},"2":{"name":"(anonymous_2)","decl":{"start":{"line":16,"column":18},"end":{"line":16,"column":19}},"loc":{"start":{"line":16,"column":32},"end":{"line":23,"column":1}},"line":16},"3":{"name":"(anonymous_3)","decl":{"start":{"line":25,"column":20},"end":{"line":25,"column":21}},"loc":{"start":{"line":25,"column":36},"end":{"line":29,"column":1}},"line":25},"4":{"name":"(anonymous_4)","decl":{"start":{"line":31,"column":17},"end":{"line":31,"column":18}},"loc":{"start":{"line":31,"column":40},"end":{"line":37,"column":1}},"line":31},"5":{"name":"(anonymous_5)","decl":{"start":{"line":38,"column":17},"end":{"line":38,"column":18}},"loc":{"start":{"line":38,"column":31},"end":{"line":44,"column":1}},"line":38}},"branchMap":{"0":{"loc":{"start":{"line":27,"column":2},"end":{"line":27,"column":30}},"type":"if","locations":[{"start":{"line":27,"column":2},"end":{"line":27,"column":30}},{"start":{"line":27,"column":2},"end":{"line":27,"column":30}}],"line":27}},"s":{"0":1,"1":1,"2":4,"3":4,"4":3,"5":1,"6":2,"7":2,"8":1,"9":3,"10":3,"11":2,"12":1,"13":1,"14":3,"15":3,"16":1,"17":2,"18":1,"19":4,"20":4,"21":2,"22":1,"23":2,"24":2,"25":1},"f":{"0":4,"1":2,"2":3,"3":3,"4":4,"5":2},"b":{"0":[1,2]},"_coverageSchema":"1a1c01bbd47fc00a2c39e90264f33305004495a9","hash":"b2a9dffe477e62a08cddd438e47c59690f9b1d07"}
,"D:\\proga\\test_mongoMemory\\controllers\\userController.js": {"path":"D:\\proga\\test_mongoMemory\\controllers\\userController.js","statementMap":{"0":{"start":{"line":1,"column":13},"end":{"line":1,"column":38}},"1":{"start":{"line":3,"column":0},"end":{"line":9,"column":1}},"2":{"start":{"line":4,"column":2},"end":{"line":8,"column":3}},"3":{"start":{"line":5,"column":4},"end":{"line":5,"column":31}},"4":{"start":{"line":7,"column":4},"end":{"line":7,"column":11}},"5":{"start":{"line":11,"column":0},"end":{"line":18,"column":1}},"6":{"start":{"line":12,"column":2},"end":{"line":17,"column":3}},"7":{"start":{"line":13,"column":17},"end":{"line":13,"column":40}},"8":{"start":{"line":14,"column":4},"end":{"line":14,"column":15}},"9":{"start":{"line":16,"column":4},"end":{"line":16,"column":11}},"10":{"start":{"line":20,"column":0},"end":{"line":24,"column":1}},"11":{"start":{"line":21,"column":15},"end":{"line":21,"column":51}},"12":{"start":{"line":22,"column":2},"end":{"line":22,"column":30}},"13":{"start":{"line":22,"column":13},"end":{"line":22,"column":30}},"14":{"start":{"line":23,"column":2},"end":{"line":23,"column":13}},"15":{"start":{"line":26,"column":0},"end":{"line":29,"column":1}},"16":{"start":{"line":27,"column":16},"end":{"line":27,"column":35}},"17":{"start":{"line":28,"column":2},"end":{"line":28,"column":14}},"18":{"start":{"line":31,"column":0},"end":{"line":37,"column":1}},"19":{"start":{"line":32,"column":2},"end":{"line":36,"column":3}},"20":{"start":{"line":33,"column":4},"end":{"line":33,"column":36}},"21":{"start":{"line":35,"column":4},"end":{"line":35,"column":11}},"22":{"start":{"line":39,"column":0},"end":{"line":45,"column":1}},"23":{"start":{"line":40,"column":2},"end":{"line":44,"column":3}},"24":{"start":{"line":41,"column":4},"end":{"line":41,"column":45}},"25":{"start":{"line":43,"column":4},"end":{"line":43,"column":11}}},"fnMap":{"0":{"name":"(anonymous_0)","decl":{"start":{"line":3,"column":17},"end":{"line":3,"column":18}},"loc":{"start":{"line":3,"column":33},"end":{"line":9,"column":1}},"line":3},"1":{"name":"(anonymous_1)","decl":{"start":{"line":11,"column":18},"end":{"line":11,"column":19}},"loc":{"start":{"line":11,"column":32},"end":{"line":18,"column":1}},"line":11},"2":{"name":"(anonymous_2)","decl":{"start":{"line":20,"column":21},"end":{"line":20,"column":22}},"loc":{"start":{"line":20,"column":38},"end":{"line":24,"column":1}},"line":20},"3":{"name":"(anonymous_3)","decl":{"start":{"line":26,"column":17},"end":{"line":26,"column":18}},"loc":{"start":{"line":26,"column":29},"end":{"line":29,"column":1}},"line":26},"4":{"name":"(anonymous_4)","decl":{"start":{"line":31,"column":17},"end":{"line":31,"column":18}},"loc":{"start":{"line":31,"column":31},"end":{"line":37,"column":1}},"line":31},"5":{"name":"(anonymous_5)","decl":{"start":{"line":39,"column":17},"end":{"line":39,"column":18}},"loc":{"start":{"line":39,"column":40},"end":{"line":45,"column":1}},"line":39}},"branchMap":{"0":{"loc":{"start":{"line":22,"column":2},"end":{"line":22,"column":30}},"type":"if","locations":[{"start":{"line":22,"column":2},"end":{"line":22,"column":30}},{"start":{"line":22,"column":2},"end":{"line":22,"column":30}}],"line":22}},"s":{"0":1,"1":1,"2":4,"3":4,"4":2,"5":1,"6":3,"7":3,"8":2,"9":1,"10":1,"11":3,"12":3,"13":2,"14":1,"15":1,"16":3,"17":3,"18":1,"19":5,"20":5,"21":1,"22":1,"23":3,"24":3,"25":1},"f":{"0":4,"1":3,"2":3,"3":3,"4":5,"5":3},"b":{"0":[2,1]},"_coverageSchema":"1a1c01bbd47fc00a2c39e90264f33305004495a9","hash":"264795765903ce3631e176992b157426b0c93ac4"}
,"D:\\proga\\test_mongoMemory\\models\\todo.js": {"path":"D:\\proga\\test_mongoMemory\\models\\todo.js","statementMap":{"0":{"start":{"line":1,"column":17},"end":{"line":1,"column":36}},"1":{"start":{"line":2,"column":15},"end":{"line":2,"column":30}},"2":{"start":{"line":4,"column":19},"end":{"line":24,"column":2}},"3":{"start":{"line":25,"column":0},"end":{"line":25,"column":51}}},"fnMap":{},"branchMap":{},"s":{"0":1,"1":1,"2":1,"3":1},"f":{},"b":{},"_coverageSchema":"1a1c01bbd47fc00a2c39e90264f33305004495a9","hash":"9222424222f93980f998b0c46849d56610226fd9"}
,"D:\\proga\\test_mongoMemory\\models\\user.js": {"path":"D:\\proga\\test_mongoMemory\\models\\user.js","statementMap":{"0":{"start":{"line":1,"column":17},"end":{"line":1,"column":36}},"1":{"start":{"line":3,"column":15},"end":{"line":3,"column":30}},"2":{"start":{"line":5,"column":19},"end":{"line":21,"column":2}},"3":{"start":{"line":22,"column":0},"end":{"line":22,"column":51}}},"fnMap":{},"branchMap":{},"s":{"0":1,"1":1,"2":1,"3":1},"f":{},"b":{},"_coverageSchema":"1a1c01bbd47fc00a2c39e90264f33305004495a9","hash":"73dc09d8f0e61b07048b22aa149fcb35431d029d"}
}
