TN:
SF:config\mms.js
FN:14,(anonymous_0)
FN:16,(anonymous_1)
FN:21,(anonymous_2)
FN:28,(anonymous_3)
FNF:4
FNH:4
FNDA:2,(anonymous_0)
FNDA:2,(anonymous_1)
FNDA:40,(anonymous_2)
FNDA:2,(anonymous_3)
DA:1,2
DA:2,2
DA:4,2
DA:6,2
DA:14,2
DA:15,2
DA:16,2
DA:17,2
DA:21,2
DA:22,40
DA:23,40
DA:24,40
DA:28,2
DA:29,2
DA:30,2
LF:15
LH:15
BRDA:17,0,0,0
BRDA:17,0,1,2
BRF:2
BRH:1
end_of_record
TN:
SF:controllers\todoController.js
FN:3,(anonymous_0)
FN:11,(anonymous_1)
FN:16,(anonymous_2)
FN:25,(anonymous_3)
FN:31,(anonymous_4)
FN:38,(anonymous_5)
FNF:6
FNH:6
FNDA:4,(anonymous_0)
FNDA:2,(anonymous_1)
FNDA:3,(anonymous_2)
FNDA:3,(anonymous_3)
FNDA:4,(anonymous_4)
FNDA:2,(anonymous_5)
DA:1,1
DA:3,1
DA:4,4
DA:5,4
DA:7,3
DA:11,1
DA:12,2
DA:13,2
DA:16,1
DA:17,3
DA:18,3
DA:19,2
DA:21,1
DA:25,1
DA:26,3
DA:27,3
DA:28,2
DA:31,1
DA:32,4
DA:33,4
DA:35,2
DA:38,1
DA:39,2
DA:40,2
DA:42,1
LF:25
LH:25
BRDA:27,0,0,1
BRDA:27,0,1,2
BRF:2
BRH:2
end_of_record
TN:
SF:controllers\userController.js
FN:3,(anonymous_0)
FN:11,(anonymous_1)
FN:20,(anonymous_2)
FN:26,(anonymous_3)
FN:31,(anonymous_4)
FN:39,(anonymous_5)
FNF:6
FNH:6
FNDA:4,(anonymous_0)
FNDA:3,(anonymous_1)
FNDA:3,(anonymous_2)
FNDA:3,(anonymous_3)
FNDA:5,(anonymous_4)
FNDA:3,(anonymous_5)
DA:1,1
DA:3,1
DA:4,4
DA:5,4
DA:7,2
DA:11,1
DA:12,3
DA:13,3
DA:14,2
DA:16,1
DA:20,1
DA:21,3
DA:22,3
DA:23,1
DA:26,1
DA:27,3
DA:28,3
DA:31,1
DA:32,5
DA:33,5
DA:35,1
DA:39,1
DA:40,3
DA:41,3
DA:43,1
LF:25
LH:25
BRDA:22,0,0,2
BRDA:22,0,1,1
BRF:2
BRH:2
end_of_record
TN:
SF:models\todo.js
FNF:0
FNH:0
DA:1,1
DA:2,1
DA:4,1
DA:25,1
LF:4
LH:4
BRF:0
BRH:0
end_of_record
TN:
SF:models\user.js
FNF:0
FNH:0
DA:1,1
DA:3,1
DA:5,1
DA:22,1
LF:4
LH:4
BRF:0
BRH:0
end_of_record
